{
  "stats": {
    "suites": 1,
    "tests": 1,
    "passes": 0,
    "pending": 3,
    "failures": -2,
    "start": "2024-04-15T12:09:16.727Z",
    "end": "2024-04-15T12:09:16.857Z",
    "duration": 130,
    "testsRegistered": 3,
    "passPercent": null,
    "pendingPercent": 100,
    "other": 2,
    "hasOther": true,
    "skipped": 0,
    "hasSkipped": false
  },
  "results": [
    {
      "uuid": "33fa1140-f5cd-425b-b52f-74aa5dbc0896",
      "title": "",
      "fullFile": "cypress\\e2e\\cypressGrep\\cypresssample.cy.js",
      "file": "cypress\\e2e\\cypressGrep\\cypresssample.cy.js",
      "beforeHooks": [],
      "afterHooks": [],
      "tests": [],
      "suites": [
        {
          "uuid": "0a656703-3754-459a-b72a-453448487200",
          "title": "cypress grep",
          "fullFile": "",
          "file": "",
          "beforeHooks": [],
          "afterHooks": [],
          "tests": [
            {
              "title": "cypress grep 1",
              "fullTitle": "cypress grep cypress grep 1",
              "timedOut": null,
              "duration": 0,
              "state": "pending",
              "speed": null,
              "pass": false,
              "fail": false,
              "pending": true,
              "context": null,
              "code": "cy.log('first Testcase Start');\ncy.visit(\"https://www.google.com/\");\ncy.xpath('//textarea[@class=\"gLFyf\"]').type('testing');",
              "err": {},
              "uuid": "27f96596-c07f-429c-a581-553f3be68db1",
              "parentUUID": "0a656703-3754-459a-b72a-453448487200",
              "isHook": false,
              "skipped": false
            },
            {
              "title": "cypress grep 2",
              "fullTitle": "cypress grep cypress grep 2",
              "timedOut": null,
              "duration": 0,
              "state": "pending",
              "speed": null,
              "pass": false,
              "fail": false,
              "pending": true,
              "context": null,
              "code": "cy.log('second Testcase Start');\ncy.visit(\"https://www.google.com/\");\ncy.xpath('//textarea[@class=\"gLFyf\"]').type('testing');\n//cy.get(\".G43f7e\").find('.sbct').click()",
              "err": {},
              "uuid": "6a2d616d-5cca-4031-8515-d147811a4091",
              "parentUUID": "0a656703-3754-459a-b72a-453448487200",
              "isHook": false,
              "skipped": false
            },
            {
              "title": "cypress grep 3",
              "fullTitle": "cypress grep cypress grep 3",
              "timedOut": null,
              "duration": 0,
              "state": "pending",
              "speed": null,
              "pass": false,
              "fail": false,
              "pending": true,
              "context": null,
              "code": "cy.log('third Testcase Start');\ncy.visit(\"https://www.google.com/\");\ncy.xpath('//textarea[@class=\"gLFyf\"]').type('testing');\n//cy.get(\".G43f7e\").find('sbct PZPZlf').eq(1).click()",
              "err": {},
              "uuid": "ce653778-a4e8-4000-a433-a6a5904e9728",
              "parentUUID": "0a656703-3754-459a-b72a-453448487200",
              "isHook": false,
              "skipped": false
            }
          ],
          "suites": [],
          "passes": [],
          "failures": [],
          "pending": [
            "27f96596-c07f-429c-a581-553f3be68db1",
            "6a2d616d-5cca-4031-8515-d147811a4091",
            "ce653778-a4e8-4000-a433-a6a5904e9728"
          ],
          "skipped": [],
          "duration": 0,
          "root": false,
          "rootEmpty": false,
          "_timeout": 2000
        }
      ],
      "passes": [],
      "failures": [],
      "pending": [],
      "skipped": [],
      "duration": 0,
      "root": true,
      "rootEmpty": true,
      "_timeout": 2000
    }
  ],
  "meta": {
    "mocha": {
      "version": "7.0.1"
    },
    "mochawesome": {
      "options": {
        "quiet": false,
        "reportFilename": "mochawesome",
        "saveHtml": true,
        "saveJson": true,
        "consoleReporter": "spec",
        "useInlineDiffs": false,
        "code": true
      },
      "version": "7.1.3"
    },
    "marge": {
      "options": null,
      "version": "6.2.0"
    }
  }
}